<?xml version="1.0" encoding="UTF-8"?>
<testng-results ignored="0" total="1" passed="1" failed="0" skipped="0">
  <reporter-output>
  </reporter-output>
  <suite started-at="2023-11-26T14:28:02 GMT" name="Default suite" finished-at="2023-11-26T14:29:08 GMT" duration-ms="65745">
    <groups>
    </groups>
    <test started-at="2023-11-26T14:28:02 GMT" name="Default test" finished-at="2023-11-26T14:29:08 GMT" duration-ms="65745">
      <class name="com.tests.RegistrationTests">
        <test-method is-config="true" signature="testBrowser()[pri:0, instance:com.tests.RegistrationTests@d737b89]" started-at="2023-11-26T14:28:02 GMT" name="testBrowser" finished-at="2023-11-26T14:28:14 GMT" duration-ms="11640" status="PASS">
          <reporter-output>
          </reporter-output>
        </test-method> <!-- testBrowser -->
        <test-method signature="tescase(java.util.Map)[pri:0, instance:com.tests.RegistrationTests@d737b89]" started-at="2023-11-26T14:28:14 GMT" name="tescase" data-provider="data" finished-at="2023-11-26T14:29:08 GMT" duration-ms="53411" status="PASS">
          <params>
            <param index="0">
              <value>
                <![CDATA[{firstname=Aditi, Address=Duler, Username=trio, phone=740778687, State=Goa, postalCode=403507, City=Mapusa, Password=Password123, lastname=Kanekar}]]>
              </value>
            </param>
          </params>
          <reporter-output>
          </reporter-output>
        </test-method> <!-- tescase -->
        <test-method is-config="true" signature="closeTest()[pri:0, instance:com.tests.RegistrationTests@d737b89]" started-at="2023-11-26T14:29:08 GMT" name="closeTest" finished-at="2023-11-26T14:29:08 GMT" duration-ms="116" status="PASS">
          <reporter-output>
          </reporter-output>
        </test-method> <!-- closeTest -->
      </class> <!-- com.tests.RegistrationTests -->
    </test> <!-- Default test -->
  </suite> <!-- Default suite -->
</testng-results>
